<?xml version="1.0" encoding="UTF-8"?>
<!-- Generated by org.testng.reporters.JUnitReportReporter -->
<testsuite hostname="Radheshyam" failures="0" tests="2" name="testCases.TC001_SelectFromStation" time="6.851" errors="0" timestamp="2025-01-16T11:31:08 IST" skipped="0">
  <testcase classname="testCases.TC001_SelectFromStation" name="writeIntoExcel" time="5.507"/>
  <testcase classname="testCases.TC001_SelectFromStation" name="selectStationByIndex" time="1.344"/>
</testsuite> <!-- testCases.TC001_SelectFromStation -->
